<?xml version="1.0" encoding="utf-8"?>
<test-run id="2" testcasecount="3" result="Passed" total="3" passed="3" failed="0" inconclusive="0" skipped="0" asserts="0" engine-version="3.5.0.0" clr-version="4.0.30319.42000" start-time="2026-05-20 03:26:57Z" end-time="2026-05-20 03:26:57Z" duration="0.1183201">
  <test-suite type="TestSuite" id="1041" name="BombCourier" fullname="BombCourier" runstate="Runnable" testcasecount="18" result="Passed" start-time="2026-05-20 03:26:57Z" end-time="2026-05-20 03:26:57Z" duration="0.118320" total="3" passed="3" failed="0" inconclusive="0" skipped="0" asserts="0">
    <properties>
      <property name="platform" value="PlayMode" />
    </properties>
    <test-suite type="Assembly" id="1018" name="BombCourier.Gameplay.PlayModeTests.dll" fullname="C:/Users/macar/BombCourier/Library/ScriptAssemblies/BombCourier.Gameplay.PlayModeTests.dll" runstate="Runnable" testcasecount="12" result="Passed" start-time="2026-05-20 03:26:57Z" end-time="2026-05-20 03:26:57Z" duration="0.091345" total="3" passed="3" failed="0" inconclusive="0" skipped="0" asserts="0">
      <properties>
        <property name="_PID" value="49476" />
        <property name="_APPDOMAIN" value="Unity Child Domain" />
        <property name="platform" value="PlayMode" />
        <property name="EditorOnly" value="False" />
      </properties>
      <test-suite type="TestSuite" id="1019" name="BC" fullname="BC" runstate="Runnable" testcasecount="12" result="Passed" start-time="2026-05-20 03:26:57Z" end-time="2026-05-20 03:26:57Z" duration="0.089520" total="3" passed="3" failed="0" inconclusive="0" skipped="0" asserts="0">
        <properties />
        <test-suite type="TestSuite" id="1020" name="Gameplay" fullname="BC.Gameplay" runstate="Runnable" testcasecount="12" result="Passed" start-time="2026-05-20 03:26:57Z" end-time="2026-05-20 03:26:57Z" duration="0.088327" total="3" passed="3" failed="0" inconclusive="0" skipped="0" asserts="0">
          <properties />
          <test-suite type="TestSuite" id="1021" name="PlayModeTests" fullname="BC.Gameplay.PlayModeTests" runstate="Runnable" testcasecount="12" result="Passed" start-time="2026-05-20 03:26:57Z" end-time="2026-05-20 03:26:57Z" duration="0.087240" total="3" passed="3" failed="0" inconclusive="0" skipped="0" asserts="0">
            <properties />
            <test-suite type="TestFixture" id="1014" name="SupportMotionPlayModeTests" fullname="BC.Gameplay.PlayModeTests.SupportMotionPlayModeTests" classname="BC.Gameplay.PlayModeTests.SupportMotionPlayModeTests" runstate="Runnable" testcasecount="3" result="Passed" start-time="2026-05-20 03:26:57Z" end-time="2026-05-20 03:26:57Z" duration="0.083949" total="3" passed="3" failed="0" inconclusive="0" skipped="0" asserts="0">
              <properties />
              <test-case id="1017" name="EntityAutoInstallSkipsExplicitSupportMotionSources" fullname="BC.Gameplay.PlayModeTests.SupportMotionPlayModeTests.EntityAutoInstallSkipsExplicitSupportMotionSources" methodname="EntityAutoInstallSkipsExplicitSupportMotionSources" classname="BC.Gameplay.PlayModeTests.SupportMotionPlayModeTests" runstate="Runnable" seed="1306391796" result="Passed" start-time="2026-05-20 03:26:57Z" end-time="2026-05-20 03:26:57Z" duration="0.033281" asserts="0">
                <properties>
                  <property name="_JOINTYPE" value="UnityCombinatorial" />
                  <property name="retryIteration" value="0" />
                  <property name="repeatIteration" value="0" />
                </properties>
              </test-case>
              <test-case id="1016" name="EntityAutoInstallsRigidbodySupportRiderForRigidbodyOnlyEntity" fullname="BC.Gameplay.PlayModeTests.SupportMotionPlayModeTests.EntityAutoInstallsRigidbodySupportRiderForRigidbodyOnlyEntity" methodname="EntityAutoInstallsRigidbodySupportRiderForRigidbodyOnlyEntity" classname="BC.Gameplay.PlayModeTests.SupportMotionPlayModeTests" runstate="Runnable" seed="398195834" result="Passed" start-time="2026-05-20 03:26:57Z" end-time="2026-05-20 03:26:57Z" duration="0.008331" asserts="0">
                <properties>
                  <property name="_JOINTYPE" value="UnityCombinatorial" />
                  <property name="retryIteration" value="0" />
                  <property name="repeatIteration" value="0" />
                </properties>
              </test-case>
              <test-case id="1015" name="SupportMotionFromDeltaReportsPassengerRotationDeltaAndVelocity" fullname="BC.Gameplay.PlayModeTests.SupportMotionPlayModeTests.SupportMotionFromDeltaReportsPassengerRotationDeltaAndVelocity" methodname="SupportMotionFromDeltaReportsPassengerRotationDeltaAndVelocity" classname="BC.Gameplay.PlayModeTests.SupportMotionPlayModeTests" runstate="Runnable" seed="705964801" result="Passed" start-time="2026-05-20 03:26:57Z" end-time="2026-05-20 03:26:57Z" duration="0.014427" asserts="0">
                <properties>
                  <property name="retryIteration" value="0" />
                  <property name="repeatIteration" value="0" />
                </properties>
                <output><![CDATA[Saving results to: C:/Users/macar/AppData/LocalLow/DefaultCompany/BombCourier\TestResults.xml
]]></output>
              </test-case>
            </test-suite>
          </test-suite>
        </test-suite>
      </test-suite>
    </test-suite>
  </test-suite>
</test-run>