<?xml version="1.0" encoding="utf-8"?>
<test-run id="2" testcasecount="2" result="Passed" total="2" passed="2" failed="0" inconclusive="0" skipped="0" asserts="0" engine-version="3.5.0.0" clr-version="4.0.30319.42000" start-time="2026-05-20 04:41:33Z" end-time="2026-05-20 04:41:33Z" duration="0.1605443">
  <test-suite type="TestSuite" id="1000" name="BombCourier" fullname="BombCourier" runstate="Runnable" testcasecount="213" result="Passed" start-time="2026-05-20 04:41:33Z" end-time="2026-05-20 04:41:33Z" duration="0.160544" total="2" passed="2" failed="0" inconclusive="0" skipped="0" asserts="0">
    <properties>
      <property name="platform" value="EditMode" />
    </properties>
    <test-suite type="Assembly" id="1216" name="BombCourier.ReactiveValue.EditorTests.dll" fullname="C:/Users/macar/BombCourier/Library/ScriptAssemblies/BombCourier.ReactiveValue.EditorTests.dll" runstate="Runnable" testcasecount="42" result="Passed" start-time="2026-05-20 04:41:33Z" end-time="2026-05-20 04:41:33Z" duration="0.126954" total="2" passed="2" failed="0" inconclusive="0" skipped="0" asserts="0">
      <properties>
        <property name="_PID" value="33708" />
        <property name="_APPDOMAIN" value="Unity Child Domain" />
        <property name="platform" value="EditMode" />
        <property name="EditorOnly" value="True" />
      </properties>
      <test-suite type="TestSuite" id="1217" name="BC" fullname="BC" runstate="Runnable" testcasecount="42" result="Passed" start-time="2026-05-20 04:41:33Z" end-time="2026-05-20 04:41:33Z" duration="0.125217" total="2" passed="2" failed="0" inconclusive="0" skipped="0" asserts="0">
        <properties />
        <test-suite type="TestSuite" id="1218" name="Base" fullname="BC.Base" runstate="Runnable" testcasecount="42" result="Passed" start-time="2026-05-20 04:41:33Z" end-time="2026-05-20 04:41:33Z" duration="0.123950" total="2" passed="2" failed="0" inconclusive="0" skipped="0" asserts="0">
          <properties />
          <test-suite type="TestSuite" id="1219" name="Tests" fullname="BC.Base.Tests" runstate="Runnable" testcasecount="42" result="Passed" start-time="2026-05-20 04:41:33Z" end-time="2026-05-20 04:41:33Z" duration="0.122609" total="2" passed="2" failed="0" inconclusive="0" skipped="0" asserts="0">
            <properties />
            <test-suite type="TestFixture" id="1169" name="MovingPlatformRailRoutingTests" fullname="BC.Base.Tests.MovingPlatformRailRoutingTests" classname="BC.Base.Tests.MovingPlatformRailRoutingTests" runstate="Runnable" testcasecount="2" result="Passed" start-time="2026-05-20 04:41:33Z" end-time="2026-05-20 04:41:33Z" duration="0.118751" total="2" passed="2" failed="0" inconclusive="0" skipped="0" asserts="0">
              <properties />
              <test-case id="1170" name="RailControllerSwitchesLayerOnlyAfterReachingSharedConnectionNode" fullname="BC.Base.Tests.MovingPlatformRailRoutingTests.RailControllerSwitchesLayerOnlyAfterReachingSharedConnectionNode" methodname="RailControllerSwitchesLayerOnlyAfterReachingSharedConnectionNode" classname="BC.Base.Tests.MovingPlatformRailRoutingTests" runstate="Runnable" seed="816859928" result="Passed" start-time="2026-05-20 04:41:33Z" end-time="2026-05-20 04:41:33Z" duration="0.073666" asserts="0">
                <properties>
                  <property name="retryIteration" value="0" />
                  <property name="repeatIteration" value="0" />
                </properties>
              </test-case>
              <test-case id="1171" name="RailControllerUsesShortestRerouteWhenReactivatedFromStoppedSegment" fullname="BC.Base.Tests.MovingPlatformRailRoutingTests.RailControllerUsesShortestRerouteWhenReactivatedFromStoppedSegment" methodname="RailControllerUsesShortestRerouteWhenReactivatedFromStoppedSegment" classname="BC.Base.Tests.MovingPlatformRailRoutingTests" runstate="Runnable" seed="1732811191" result="Passed" start-time="2026-05-20 04:41:33Z" end-time="2026-05-20 04:41:33Z" duration="0.015347" asserts="0">
                <properties>
                  <property name="retryIteration" value="0" />
                  <property name="repeatIteration" value="0" />
                </properties>
                <output><![CDATA[Saving results to: C:/Users/macar/AppData/LocalLow/DefaultCompany/BombCourier\TestResults.xml
]]></output>
              </test-case>
            </test-suite>
          </test-suite>
        </test-suite>
      </test-suite>
    </test-suite>
  </test-suite>
</test-run>