<?xml version="1.0" encoding="utf-8"?>
<test-run id="2" testcasecount="2" result="Passed" total="2" passed="2" failed="0" inconclusive="0" skipped="0" asserts="0" engine-version="3.5.0.0" clr-version="4.0.30319.42000" start-time="2026-05-20 05:01:10Z" end-time="2026-05-20 05:01:11Z" duration="0.1132095">
  <test-suite type="TestSuite" id="1044" name="BombCourier" fullname="BombCourier" runstate="Runnable" testcasecount="20" result="Passed" start-time="2026-05-20 05:01:10Z" end-time="2026-05-20 05:01:11Z" duration="0.113210" total="2" passed="2" failed="0" inconclusive="0" skipped="0" asserts="0">
    <properties>
      <property name="platform" value="PlayMode" />
    </properties>
    <test-suite type="Assembly" id="1021" name="BombCourier.Gameplay.PlayModeTests.dll" fullname="C:/Users/macar/BombCourier/Library/ScriptAssemblies/BombCourier.Gameplay.PlayModeTests.dll" runstate="Runnable" testcasecount="14" result="Passed" start-time="2026-05-20 05:01:10Z" end-time="2026-05-20 05:01:11Z" duration="0.100923" total="2" passed="2" failed="0" inconclusive="0" skipped="0" asserts="0">
      <properties>
        <property name="_PID" value="48068" />
        <property name="_APPDOMAIN" value="Unity Child Domain" />
        <property name="platform" value="PlayMode" />
        <property name="EditorOnly" value="False" />
      </properties>
      <test-suite type="TestSuite" id="1022" name="BC" fullname="BC" runstate="Runnable" testcasecount="14" result="Passed" start-time="2026-05-20 05:01:10Z" end-time="2026-05-20 05:01:11Z" duration="0.099817" total="2" passed="2" failed="0" inconclusive="0" skipped="0" asserts="0">
        <properties />
        <test-suite type="TestSuite" id="1023" name="Gameplay" fullname="BC.Gameplay" runstate="Runnable" testcasecount="14" result="Passed" start-time="2026-05-20 05:01:10Z" end-time="2026-05-20 05:01:11Z" duration="0.099123" total="2" passed="2" failed="0" inconclusive="0" skipped="0" asserts="0">
          <properties />
          <test-suite type="TestSuite" id="1024" name="PlayModeTests" fullname="BC.Gameplay.PlayModeTests" runstate="Runnable" testcasecount="14" result="Passed" start-time="2026-05-20 05:01:10Z" end-time="2026-05-20 05:01:11Z" duration="0.098435" total="2" passed="2" failed="0" inconclusive="0" skipped="0" asserts="0">
            <properties />
            <test-suite type="TestFixture" id="1018" name="UIBombStatePlayModeTests" fullname="BC.Gameplay.PlayModeTests.UIBombStatePlayModeTests" classname="BC.Gameplay.PlayModeTests.UIBombStatePlayModeTests" runstate="Runnable" testcasecount="2" result="Passed" start-time="2026-05-20 05:01:10Z" end-time="2026-05-20 05:01:11Z" duration="0.096220" total="2" passed="2" failed="0" inconclusive="0" skipped="0" asserts="0">
              <properties />
              <test-case id="1019" name="BindItemHandleState_WithAlreadyHeldBomb_SyncsExistingBombStateImmediately" fullname="BC.Gameplay.PlayModeTests.UIBombStatePlayModeTests.BindItemHandleState_WithAlreadyHeldBomb_SyncsExistingBombStateImmediately" methodname="BindItemHandleState_WithAlreadyHeldBomb_SyncsExistingBombStateImmediately" classname="BC.Gameplay.PlayModeTests.UIBombStatePlayModeTests" runstate="Runnable" seed="1570717463" result="Passed" start-time="2026-05-20 05:01:11Z" end-time="2026-05-20 05:01:11Z" duration="0.068970" asserts="0">
                <properties>
                  <property name="_JOINTYPE" value="UnityCombinatorial" />
                  <property name="retryIteration" value="0" />
                  <property name="repeatIteration" value="0" />
                </properties>
                <output><![CDATA[PlayerItemHandleStateMB: EntityMB is not found or not bound.
]]></output>
              </test-case>
              <test-case id="1020" name="HeldItemSwitchToNonBomb_ClearsBombSourceAndResetsTimerToDefault" fullname="BC.Gameplay.PlayModeTests.UIBombStatePlayModeTests.HeldItemSwitchToNonBomb_ClearsBombSourceAndResetsTimerToDefault" methodname="HeldItemSwitchToNonBomb_ClearsBombSourceAndResetsTimerToDefault" classname="BC.Gameplay.PlayModeTests.UIBombStatePlayModeTests" runstate="Runnable" seed="889000905" result="Passed" start-time="2026-05-20 05:01:11Z" end-time="2026-05-20 05:01:11Z" duration="0.009189" asserts="0">
                <properties>
                  <property name="_JOINTYPE" value="UnityCombinatorial" />
                  <property name="retryIteration" value="0" />
                  <property name="repeatIteration" value="0" />
                </properties>
                <output><![CDATA[PlayerItemHandleStateMB: EntityMB is not found or not bound.
Saving results to: C:/Users/macar/AppData/LocalLow/DefaultCompany/BombCourier\TestResults.xml
]]></output>
              </test-case>
            </test-suite>
          </test-suite>
        </test-suite>
      </test-suite>
    </test-suite>
  </test-suite>
</test-run>