<?xml version="1.0" encoding="utf-8"?>
<test-run id="2" testcasecount="1" result="Passed" total="1" passed="1" failed="0" inconclusive="0" skipped="0" asserts="0" engine-version="3.5.0.0" clr-version="4.0.30319.42000" start-time="2026-05-20 03:02:47Z" end-time="2026-05-20 03:02:47Z" duration="0.1091937">
  <test-suite type="TestSuite" id="1000" name="BombCourier" fullname="BombCourier" runstate="Runnable" testcasecount="209" result="Passed" start-time="2026-05-20 03:02:47Z" end-time="2026-05-20 03:02:47Z" duration="0.109194" total="1" passed="1" failed="0" inconclusive="0" skipped="0" asserts="0">
    <properties>
      <property name="platform" value="EditMode" />
    </properties>
    <test-suite type="Assembly" id="1210" name="BombCourier.ReactiveValue.EditorTests.dll" fullname="C:/Users/macar/BombCourier/Library/ScriptAssemblies/BombCourier.ReactiveValue.EditorTests.dll" runstate="Runnable" testcasecount="38" result="Passed" start-time="2026-05-20 03:02:47Z" end-time="2026-05-20 03:02:47Z" duration="0.086672" total="1" passed="1" failed="0" inconclusive="0" skipped="0" asserts="0">
      <properties>
        <property name="_PID" value="13176" />
        <property name="_APPDOMAIN" value="Unity Child Domain" />
        <property name="platform" value="EditMode" />
        <property name="EditorOnly" value="True" />
      </properties>
      <test-suite type="TestSuite" id="1211" name="BC" fullname="BC" runstate="Runnable" testcasecount="38" result="Passed" start-time="2026-05-20 03:02:47Z" end-time="2026-05-20 03:02:47Z" duration="0.085250" total="1" passed="1" failed="0" inconclusive="0" skipped="0" asserts="0">
        <properties />
        <test-suite type="TestSuite" id="1212" name="Base" fullname="BC.Base" runstate="Runnable" testcasecount="38" result="Passed" start-time="2026-05-20 03:02:47Z" end-time="2026-05-20 03:02:47Z" duration="0.084242" total="1" passed="1" failed="0" inconclusive="0" skipped="0" asserts="0">
          <properties />
          <test-suite type="TestSuite" id="1213" name="Tests" fullname="BC.Base.Tests" runstate="Runnable" testcasecount="38" result="Passed" start-time="2026-05-20 03:02:47Z" end-time="2026-05-20 03:02:47Z" duration="0.083231" total="1" passed="1" failed="0" inconclusive="0" skipped="0" asserts="0">
            <properties />
            <test-suite type="TestFixture" id="1192" name="ReactiveValueM5ActionIntegrationTests" fullname="BC.Base.Tests.ReactiveValueM5ActionIntegrationTests" classname="BC.Base.Tests.ReactiveValueM5ActionIntegrationTests" runstate="Runnable" testcasecount="8" result="Passed" start-time="2026-05-20 03:02:47Z" end-time="2026-05-20 03:02:47Z" duration="0.080438" total="1" passed="1" failed="0" inconclusive="0" skipped="0" asserts="0">
              <properties />
              <test-case id="1200" name="SetValueStoreValueStepRuntimeWritesKernelIntWithExplicitKind" fullname="BC.Base.Tests.ReactiveValueM5ActionIntegrationTests.SetValueStoreValueStepRuntimeWritesKernelIntWithExplicitKind" methodname="SetValueStoreValueStepRuntimeWritesKernelIntWithExplicitKind" classname="BC.Base.Tests.ReactiveValueM5ActionIntegrationTests" runstate="Runnable" seed="1728309630" result="Passed" start-time="2026-05-20 03:02:47Z" end-time="2026-05-20 03:02:47Z" duration="0.060270" asserts="0">
                <properties>
                  <property name="retryIteration" value="0" />
                  <property name="repeatIteration" value="0" />
                </properties>
                <output><![CDATA[Saving results to: C:/Users/macar/AppData/LocalLow/DefaultCompany/BombCourier\TestResults.xml
]]></output>
              </test-case>
            </test-suite>
          </test-suite>
        </test-suite>
      </test-suite>
    </test-suite>
  </test-suite>
</test-run>