<?xml version="1.0" encoding="utf-8"?>
<test-run id="2" testcasecount="2" result="Passed" total="2" passed="2" failed="0" inconclusive="0" skipped="0" asserts="0" engine-version="3.5.0.0" clr-version="4.0.30319.42000" start-time="2026-05-20 02:23:26Z" end-time="2026-05-20 02:23:26Z" duration="0.0959068">
  <test-suite type="TestSuite" id="1037" name="BombCourier" fullname="BombCourier" runstate="Runnable" testcasecount="15" result="Passed" start-time="2026-05-20 02:23:26Z" end-time="2026-05-20 02:23:26Z" duration="0.095907" total="2" passed="2" failed="0" inconclusive="0" skipped="0" asserts="0">
    <properties>
      <property name="platform" value="PlayMode" />
    </properties>
    <test-suite type="Assembly" id="1014" name="BombCourier.Gameplay.PlayModeTests.dll" fullname="C:/Users/macar/BombCourier/Library/ScriptAssemblies/BombCourier.Gameplay.PlayModeTests.dll" runstate="Runnable" testcasecount="9" result="Passed" start-time="2026-05-20 02:23:26Z" end-time="2026-05-20 02:23:26Z" duration="0.085862" total="2" passed="2" failed="0" inconclusive="0" skipped="0" asserts="0">
      <properties>
        <property name="_PID" value="48056" />
        <property name="_APPDOMAIN" value="Unity Child Domain" />
        <property name="platform" value="PlayMode" />
        <property name="EditorOnly" value="False" />
      </properties>
      <test-suite type="TestSuite" id="1015" name="BC" fullname="BC" runstate="Runnable" testcasecount="9" result="Passed" start-time="2026-05-20 02:23:26Z" end-time="2026-05-20 02:23:26Z" duration="0.084465" total="2" passed="2" failed="0" inconclusive="0" skipped="0" asserts="0">
        <properties />
        <test-suite type="TestSuite" id="1016" name="Gameplay" fullname="BC.Gameplay" runstate="Runnable" testcasecount="9" result="Passed" start-time="2026-05-20 02:23:26Z" end-time="2026-05-20 02:23:26Z" duration="0.083346" total="2" passed="2" failed="0" inconclusive="0" skipped="0" asserts="0">
          <properties />
          <test-suite type="TestSuite" id="1017" name="PlayModeTests" fullname="BC.Gameplay.PlayModeTests" runstate="Runnable" testcasecount="9" result="Passed" start-time="2026-05-20 02:23:26Z" end-time="2026-05-20 02:23:26Z" duration="0.082515" total="2" passed="2" failed="0" inconclusive="0" skipped="0" asserts="0">
            <properties />
            <test-suite type="TestFixture" id="1005" name="EntityFacingPlayModeTests" fullname="BC.Gameplay.PlayModeTests.EntityFacingPlayModeTests" classname="BC.Gameplay.PlayModeTests.EntityFacingPlayModeTests" runstate="Runnable" testcasecount="2" result="Passed" start-time="2026-05-20 02:23:26Z" end-time="2026-05-20 02:23:26Z" duration="0.080701" total="2" passed="2" failed="0" inconclusive="0" skipped="0" asserts="0">
              <properties />
              <test-case id="1007" name="ActionFacingSteps_TargetTriggerEntity_AndClearOverride" fullname="BC.Gameplay.PlayModeTests.EntityFacingPlayModeTests.ActionFacingSteps_TargetTriggerEntity_AndClearOverride" methodname="ActionFacingSteps_TargetTriggerEntity_AndClearOverride" classname="BC.Gameplay.PlayModeTests.EntityFacingPlayModeTests" runstate="Runnable" seed="4689282" result="Passed" start-time="2026-05-20 02:23:26Z" end-time="2026-05-20 02:23:26Z" duration="0.040949" asserts="0">
                <properties>
                  <property name="_JOINTYPE" value="UnityCombinatorial" />
                  <property name="retryIteration" value="0" />
                  <property name="repeatIteration" value="0" />
                </properties>
              </test-case>
              <test-case id="1006" name="InteractionFacing_StartsMutualFacing_AndCanceledRestoresMovementChannels" fullname="BC.Gameplay.PlayModeTests.EntityFacingPlayModeTests.InteractionFacing_StartsMutualFacing_AndCanceledRestoresMovementChannels" methodname="InteractionFacing_StartsMutualFacing_AndCanceledRestoresMovementChannels" classname="BC.Gameplay.PlayModeTests.EntityFacingPlayModeTests" runstate="Runnable" seed="627035977" result="Passed" start-time="2026-05-20 02:23:26Z" end-time="2026-05-20 02:23:26Z" duration="0.023292" asserts="0">
                <properties>
                  <property name="_JOINTYPE" value="UnityCombinatorial" />
                  <property name="retryIteration" value="0" />
                  <property name="repeatIteration" value="0" />
                </properties>
                <output><![CDATA[PlayerItemHandleStateMB: EntityMB is not found or not bound.
Saving results to: C:/Users/macar/AppData/LocalLow/DefaultCompany/BombCourier\TestResults.xml
]]></output>
              </test-case>
            </test-suite>
          </test-suite>
        </test-suite>
      </test-suite>
    </test-suite>
  </test-suite>
</test-run>