<?xml version="1.0" encoding="utf-8"?>
<test-run id="2" testcasecount="3" result="Passed" total="3" passed="3" failed="0" inconclusive="0" skipped="0" asserts="0" engine-version="3.5.0.0" clr-version="4.0.30319.42000" start-time="2026-05-20 10:27:37Z" end-time="2026-05-20 10:27:38Z" duration="0.1165507">
  <test-suite type="TestSuite" id="1052" name="BombCourier" fullname="BombCourier" runstate="Runnable" testcasecount="26" result="Passed" start-time="2026-05-20 10:27:37Z" end-time="2026-05-20 10:27:38Z" duration="0.116551" total="3" passed="3" failed="0" inconclusive="0" skipped="0" asserts="0">
    <properties>
      <property name="platform" value="PlayMode" />
    </properties>
    <test-suite type="Assembly" id="1029" name="BombCourier.Gameplay.PlayModeTests.dll" fullname="C:/Users/macar/BombCourier/Library/ScriptAssemblies/BombCourier.Gameplay.PlayModeTests.dll" runstate="Runnable" testcasecount="20" result="Passed" start-time="2026-05-20 10:27:37Z" end-time="2026-05-20 10:27:38Z" duration="0.104835" total="3" passed="3" failed="0" inconclusive="0" skipped="0" asserts="0">
      <properties>
        <property name="_PID" value="49864" />
        <property name="_APPDOMAIN" value="Unity Child Domain" />
        <property name="platform" value="PlayMode" />
        <property name="EditorOnly" value="False" />
      </properties>
      <test-suite type="TestSuite" id="1030" name="BC" fullname="BC" runstate="Runnable" testcasecount="20" result="Passed" start-time="2026-05-20 10:27:37Z" end-time="2026-05-20 10:27:38Z" duration="0.103023" total="3" passed="3" failed="0" inconclusive="0" skipped="0" asserts="0">
        <properties />
        <test-suite type="TestSuite" id="1031" name="Gameplay" fullname="BC.Gameplay" runstate="Runnable" testcasecount="20" result="Passed" start-time="2026-05-20 10:27:37Z" end-time="2026-05-20 10:27:38Z" duration="0.102060" total="3" passed="3" failed="0" inconclusive="0" skipped="0" asserts="0">
          <properties />
          <test-suite type="TestSuite" id="1032" name="PlayModeTests" fullname="BC.Gameplay.PlayModeTests" runstate="Runnable" testcasecount="20" result="Passed" start-time="2026-05-20 10:27:37Z" end-time="2026-05-20 10:27:38Z" duration="0.100852" total="3" passed="3" failed="0" inconclusive="0" skipped="0" asserts="0">
            <properties />
            <test-suite type="TestFixture" id="1014" name="RetrySnapshotStackPlayModeTests" fullname="BC.Gameplay.PlayModeTests.RetrySnapshotStackPlayModeTests" classname="BC.Gameplay.PlayModeTests.RetrySnapshotStackPlayModeTests" runstate="Runnable" testcasecount="3" result="Passed" start-time="2026-05-20 10:27:37Z" end-time="2026-05-20 10:27:38Z" duration="0.096722" total="3" passed="3" failed="0" inconclusive="0" skipped="0" asserts="0">
              <properties />
              <test-case id="1015" name="EmptyRetryHistory_DoesNotDispatchReloadOrReset" fullname="BC.Gameplay.PlayModeTests.RetrySnapshotStackPlayModeTests.EmptyRetryHistory_DoesNotDispatchReloadOrReset" methodname="EmptyRetryHistory_DoesNotDispatchReloadOrReset" classname="BC.Gameplay.PlayModeTests.RetrySnapshotStackPlayModeTests" runstate="Runnable" seed="1687837311" result="Passed" start-time="2026-05-20 10:27:37Z" end-time="2026-05-20 10:27:37Z" duration="0.039629" asserts="0">
                <properties>
                  <property name="_JOINTYPE" value="UnityCombinatorial" />
                  <property name="retryIteration" value="0" />
                  <property name="repeatIteration" value="0" />
                </properties>
              </test-case>
              <test-case id="1017" name="NewSnapshotAfterResetArmed_ReturnsRetryModeToReload" fullname="BC.Gameplay.PlayModeTests.RetrySnapshotStackPlayModeTests.NewSnapshotAfterResetArmed_ReturnsRetryModeToReload" methodname="NewSnapshotAfterResetArmed_ReturnsRetryModeToReload" classname="BC.Gameplay.PlayModeTests.RetrySnapshotStackPlayModeTests" runstate="Runnable" seed="123030549" result="Passed" start-time="2026-05-20 10:27:37Z" end-time="2026-05-20 10:27:37Z" duration="0.022925" asserts="0">
                <properties>
                  <property name="_JOINTYPE" value="UnityCombinatorial" />
                  <property name="retryIteration" value="0" />
                  <property name="repeatIteration" value="0" />
                </properties>
              </test-case>
              <test-case id="1016" name="Reload_PopsLatestSnapshotFirst_AndArmsResetAfterLastEntry" fullname="BC.Gameplay.PlayModeTests.RetrySnapshotStackPlayModeTests.Reload_PopsLatestSnapshotFirst_AndArmsResetAfterLastEntry" methodname="Reload_PopsLatestSnapshotFirst_AndArmsResetAfterLastEntry" classname="BC.Gameplay.PlayModeTests.RetrySnapshotStackPlayModeTests" runstate="Runnable" seed="1481776882" result="Passed" start-time="2026-05-20 10:27:37Z" end-time="2026-05-20 10:27:37Z" duration="0.008854" asserts="0">
                <properties>
                  <property name="_JOINTYPE" value="UnityCombinatorial" />
                  <property name="retryIteration" value="0" />
                  <property name="repeatIteration" value="0" />
                </properties>
                <output><![CDATA[Saving results to: C:/Users/macar/AppData/LocalLow/DefaultCompany/BombCourier\TestResults.xml
]]></output>
              </test-case>
            </test-suite>
          </test-suite>
        </test-suite>
      </test-suite>
    </test-suite>
  </test-suite>
</test-run>