<?xml version="1.0" encoding="utf-8"?>
<test-run id="2" testcasecount="1" result="Passed" total="1" passed="1" failed="0" inconclusive="0" skipped="0" asserts="0" engine-version="3.5.0.0" clr-version="4.0.30319.42000" start-time="2026-05-20 03:01:25Z" end-time="2026-05-20 03:01:26Z" duration="0.0926357">
  <test-suite type="TestSuite" id="1000" name="BombCourier" fullname="BombCourier" runstate="Runnable" testcasecount="209" result="Passed" start-time="2026-05-20 03:01:25Z" end-time="2026-05-20 03:01:26Z" duration="0.092636" total="1" passed="1" failed="0" inconclusive="0" skipped="0" asserts="0">
    <properties>
      <property name="platform" value="EditMode" />
    </properties>
    <test-suite type="Assembly" id="1210" name="BombCourier.ReactiveValue.EditorTests.dll" fullname="C:/Users/macar/BombCourier/Library/ScriptAssemblies/BombCourier.ReactiveValue.EditorTests.dll" runstate="Runnable" testcasecount="38" result="Passed" start-time="2026-05-20 03:01:25Z" end-time="2026-05-20 03:01:26Z" duration="0.080819" total="1" passed="1" failed="0" inconclusive="0" skipped="0" asserts="0">
      <properties>
        <property name="_PID" value="31572" />
        <property name="_APPDOMAIN" value="Unity Child Domain" />
        <property name="platform" value="EditMode" />
        <property name="EditorOnly" value="True" />
      </properties>
      <test-suite type="TestSuite" id="1211" name="BC" fullname="BC" runstate="Runnable" testcasecount="38" result="Passed" start-time="2026-05-20 03:01:25Z" end-time="2026-05-20 03:01:26Z" duration="0.079771" total="1" passed="1" failed="0" inconclusive="0" skipped="0" asserts="0">
        <properties />
        <test-suite type="TestSuite" id="1212" name="Base" fullname="BC.Base" runstate="Runnable" testcasecount="38" result="Passed" start-time="2026-05-20 03:01:25Z" end-time="2026-05-20 03:01:26Z" duration="0.079062" total="1" passed="1" failed="0" inconclusive="0" skipped="0" asserts="0">
          <properties />
          <test-suite type="TestSuite" id="1213" name="Tests" fullname="BC.Base.Tests" runstate="Runnable" testcasecount="38" result="Passed" start-time="2026-05-20 03:01:25Z" end-time="2026-05-20 03:01:26Z" duration="0.078026" total="1" passed="1" failed="0" inconclusive="0" skipped="0" asserts="0">
            <properties />
            <test-suite type="TestFixture" id="1177" name="ReactiveValueM3ValueStoreTests" fullname="BC.Base.Tests.ReactiveValueM3ValueStoreTests" classname="BC.Base.Tests.ReactiveValueM3ValueStoreTests" runstate="Runnable" testcasecount="8" result="Passed" start-time="2026-05-20 03:01:26Z" end-time="2026-05-20 03:01:26Z" duration="0.075703" total="1" passed="1" failed="0" inconclusive="0" skipped="0" asserts="0">
              <properties />
              <test-case id="1180" name="EntityValueStoreStringAndSpecialEnumBindingsResolveCurrentValues" fullname="BC.Base.Tests.ReactiveValueM3ValueStoreTests.EntityValueStoreStringAndSpecialEnumBindingsResolveCurrentValues" methodname="EntityValueStoreStringAndSpecialEnumBindingsResolveCurrentValues" classname="BC.Base.Tests.ReactiveValueM3ValueStoreTests" runstate="Runnable" seed="480508489" result="Passed" start-time="2026-05-20 03:01:26Z" end-time="2026-05-20 03:01:26Z" duration="0.057238" asserts="0">
                <properties>
                  <property name="retryIteration" value="0" />
                  <property name="repeatIteration" value="0" />
                </properties>
                <output><![CDATA[Saving results to: C:/Users/macar/AppData/LocalLow/DefaultCompany/BombCourier\TestResults.xml
]]></output>
              </test-case>
            </test-suite>
          </test-suite>
        </test-suite>
      </test-suite>
    </test-suite>
  </test-suite>
</test-run>