<?xml version="1.0" encoding="utf-8"?>
<test-run id="2" testcasecount="2" result="Passed" total="2" passed="2" failed="0" inconclusive="0" skipped="0" asserts="0" engine-version="3.5.0.0" clr-version="4.0.30319.42000" start-time="2026-05-20 01:49:55Z" end-time="2026-05-20 01:49:55Z" duration="0.1250392">
  <test-suite type="TestSuite" id="1034" name="BombCourier" fullname="BombCourier" runstate="Runnable" testcasecount="13" result="Passed" start-time="2026-05-20 01:49:55Z" end-time="2026-05-20 01:49:55Z" duration="0.125039" total="2" passed="2" failed="0" inconclusive="0" skipped="0" asserts="0">
    <properties>
      <property name="platform" value="PlayMode" />
    </properties>
    <test-suite type="Assembly" id="1011" name="BombCourier.Gameplay.PlayModeTests.dll" fullname="C:/Users/macar/BombCourier/Library/ScriptAssemblies/BombCourier.Gameplay.PlayModeTests.dll" runstate="Runnable" testcasecount="7" result="Passed" start-time="2026-05-20 01:49:55Z" end-time="2026-05-20 01:49:55Z" duration="0.115673" total="2" passed="2" failed="0" inconclusive="0" skipped="0" asserts="0">
      <properties>
        <property name="_PID" value="53420" />
        <property name="_APPDOMAIN" value="Unity Child Domain" />
        <property name="platform" value="PlayMode" />
        <property name="EditorOnly" value="False" />
      </properties>
      <test-suite type="TestSuite" id="1012" name="BC" fullname="BC" runstate="Runnable" testcasecount="7" result="Passed" start-time="2026-05-20 01:49:55Z" end-time="2026-05-20 01:49:55Z" duration="0.114528" total="2" passed="2" failed="0" inconclusive="0" skipped="0" asserts="0">
        <properties />
        <test-suite type="TestSuite" id="1013" name="Gameplay" fullname="BC.Gameplay" runstate="Runnable" testcasecount="7" result="Passed" start-time="2026-05-20 01:49:55Z" end-time="2026-05-20 01:49:55Z" duration="0.113534" total="2" passed="2" failed="0" inconclusive="0" skipped="0" asserts="0">
          <properties />
          <test-suite type="TestSuite" id="1014" name="PlayModeTests" fullname="BC.Gameplay.PlayModeTests" runstate="Runnable" testcasecount="7" result="Passed" start-time="2026-05-20 01:49:55Z" end-time="2026-05-20 01:49:55Z" duration="0.112862" total="2" passed="2" failed="0" inconclusive="0" skipped="0" asserts="0">
            <properties />
            <test-suite type="TestFixture" id="1005" name="FaceExpressionUvControllerPlayModeTests" fullname="BC.Gameplay.PlayModeTests.FaceExpressionUvControllerPlayModeTests" classname="BC.Gameplay.PlayModeTests.FaceExpressionUvControllerPlayModeTests" runstate="Runnable" testcasecount="2" result="Passed" start-time="2026-05-20 01:49:55Z" end-time="2026-05-20 01:49:55Z" duration="0.111017" total="2" passed="2" failed="0" inconclusive="0" skipped="0" asserts="0">
              <properties />
              <test-case id="1007" name="BlinkTemporarilyOverridesAndRestoresBaseExpression" fullname="BC.Gameplay.PlayModeTests.FaceExpressionUvControllerPlayModeTests.BlinkTemporarilyOverridesAndRestoresBaseExpression" methodname="BlinkTemporarilyOverridesAndRestoresBaseExpression" classname="BC.Gameplay.PlayModeTests.FaceExpressionUvControllerPlayModeTests" runstate="Runnable" seed="594564619" result="Passed" start-time="2026-05-20 01:49:55Z" end-time="2026-05-20 01:49:55Z" duration="0.088672" asserts="0">
                <properties>
                  <property name="_JOINTYPE" value="UnityCombinatorial" />
                  <property name="retryIteration" value="0" />
                  <property name="repeatIteration" value="0" />
                </properties>
              </test-case>
              <test-case id="1006" name="MissingExpression_FallsBackToNeutralUvRect" fullname="BC.Gameplay.PlayModeTests.FaceExpressionUvControllerPlayModeTests.MissingExpression_FallsBackToNeutralUvRect" methodname="MissingExpression_FallsBackToNeutralUvRect" classname="BC.Gameplay.PlayModeTests.FaceExpressionUvControllerPlayModeTests" runstate="Runnable" seed="14797487" result="Passed" start-time="2026-05-20 01:49:55Z" end-time="2026-05-20 01:49:55Z" duration="0.005164" asserts="0">
                <properties>
                  <property name="_JOINTYPE" value="UnityCombinatorial" />
                  <property name="retryIteration" value="0" />
                  <property name="repeatIteration" value="0" />
                </properties>
                <output><![CDATA[Saving results to: C:/Users/macar/AppData/LocalLow/DefaultCompany/BombCourier\TestResults.xml
]]></output>
              </test-case>
            </test-suite>
          </test-suite>
        </test-suite>
      </test-suite>
    </test-suite>
  </test-suite>
</test-run>