<?xml version="1.0" encoding="utf-8"?>
<test-run id="2" testcasecount="2" result="Passed" total="2" passed="2" failed="0" inconclusive="0" skipped="0" asserts="0" engine-version="3.5.0.0" clr-version="4.0.30319.42000" start-time="2026-05-20 03:26:06Z" end-time="2026-05-20 03:26:07Z" duration="0.8949128">
  <test-suite type="TestSuite" id="1000" name="BombCourier" fullname="BombCourier" runstate="Runnable" testcasecount="211" result="Passed" start-time="2026-05-20 03:26:06Z" end-time="2026-05-20 03:26:07Z" duration="0.894913" total="2" passed="2" failed="0" inconclusive="0" skipped="0" asserts="0">
    <properties>
      <property name="platform" value="EditMode" />
    </properties>
    <test-suite type="Assembly" id="1213" name="BombCourier.ReactiveValue.EditorTests.dll" fullname="C:/Users/macar/BombCourier/Library/ScriptAssemblies/BombCourier.ReactiveValue.EditorTests.dll" runstate="Runnable" testcasecount="40" result="Passed" start-time="2026-05-20 03:26:06Z" end-time="2026-05-20 03:26:07Z" duration="0.879308" total="2" passed="2" failed="0" inconclusive="0" skipped="0" asserts="0">
      <properties>
        <property name="_PID" value="12280" />
        <property name="_APPDOMAIN" value="Unity Child Domain" />
        <property name="platform" value="EditMode" />
        <property name="EditorOnly" value="True" />
      </properties>
      <test-suite type="TestSuite" id="1214" name="BC" fullname="BC" runstate="Runnable" testcasecount="40" result="Passed" start-time="2026-05-20 03:26:06Z" end-time="2026-05-20 03:26:07Z" duration="0.878218" total="2" passed="2" failed="0" inconclusive="0" skipped="0" asserts="0">
        <properties />
        <test-suite type="TestSuite" id="1215" name="Base" fullname="BC.Base" runstate="Runnable" testcasecount="40" result="Passed" start-time="2026-05-20 03:26:06Z" end-time="2026-05-20 03:26:07Z" duration="0.877635" total="2" passed="2" failed="0" inconclusive="0" skipped="0" asserts="0">
          <properties />
          <test-suite type="TestSuite" id="1216" name="Tests" fullname="BC.Base.Tests" runstate="Runnable" testcasecount="40" result="Passed" start-time="2026-05-20 03:26:06Z" end-time="2026-05-20 03:26:07Z" duration="0.877010" total="2" passed="2" failed="0" inconclusive="0" skipped="0" asserts="0">
            <properties />
            <test-suite type="TestFixture" id="1166" name="AnimationLayerWeightActionTests" fullname="BC.Base.Tests.AnimationLayerWeightActionTests" classname="BC.Base.Tests.AnimationLayerWeightActionTests" runstate="Runnable" testcasecount="2" result="Passed" start-time="2026-05-20 03:26:06Z" end-time="2026-05-20 03:26:07Z" duration="0.874560" total="2" passed="2" failed="0" inconclusive="0" skipped="0" asserts="0">
              <properties />
              <test-case id="1168" name="LayerWeightRuntimeWithDurationRunsUntilTargetWeightIsReached" fullname="BC.Base.Tests.AnimationLayerWeightActionTests.LayerWeightRuntimeWithDurationRunsUntilTargetWeightIsReached" methodname="LayerWeightRuntimeWithDurationRunsUntilTargetWeightIsReached" classname="BC.Base.Tests.AnimationLayerWeightActionTests" runstate="Runnable" seed="2042031340" result="Passed" start-time="2026-05-20 03:26:06Z" end-time="2026-05-20 03:26:06Z" duration="0.620605" asserts="0">
                <properties>
                  <property name="retryIteration" value="0" />
                  <property name="repeatIteration" value="0" />
                </properties>
              </test-case>
              <test-case id="1167" name="LayerWeightRuntimeWithZeroDurationAppliesImmediately" fullname="BC.Base.Tests.AnimationLayerWeightActionTests.LayerWeightRuntimeWithZeroDurationAppliesImmediately" methodname="LayerWeightRuntimeWithZeroDurationAppliesImmediately" classname="BC.Base.Tests.AnimationLayerWeightActionTests" runstate="Runnable" seed="268552381" result="Passed" start-time="2026-05-20 03:26:06Z" end-time="2026-05-20 03:26:07Z" duration="0.233009" asserts="0">
                <properties>
                  <property name="retryIteration" value="0" />
                  <property name="repeatIteration" value="0" />
                </properties>
                <output><![CDATA[Saving results to: C:/Users/macar/AppData/LocalLow/DefaultCompany/BombCourier\TestResults.xml
]]></output>
              </test-case>
            </test-suite>
          </test-suite>
        </test-suite>
      </test-suite>
    </test-suite>
  </test-suite>
</test-run>